{"message":"Unauthorized request to path: /","level":"error","timestamp":"06-14-2020 21:38:13","ms":"+0ms"}
{"message":"Unauthorized request to path: /","level":"error","timestamp":"06-14-2020 21:38:13","ms":"+20ms"}
{"message":"Unauthorized request to path: /","level":"error","timestamp":"06-14-2020 21:43:59","ms":"+0ms"}
{"message":"Unauthorized request to path: /","level":"error","timestamp":"06-14-2020 21:43:59","ms":"+19ms"}
{"message":"Unauthorized request to path: /","level":"error","timestamp":"06-14-2020 21:45:22","ms":"+0ms"}
{"message":"Unauthorized request to path: /","level":"error","timestamp":"06-14-2020 21:45:22","ms":"+15ms"}
{"message":"Unauthorized request to path: /","level":"error","timestamp":"06-14-2020 21:56:59","ms":"+0ms"}
{"message":"Unauthorized request to path: /","level":"error","timestamp":"06-14-2020 21:56:59","ms":"+18ms"}
{"message":"Unauthorized request to path: /","level":"error","timestamp":"06-14-2020 22:02:24","ms":"+0ms"}
{"message":"Unauthorized request to path: /","level":"error","timestamp":"06-14-2020 22:02:24","ms":"+14ms"}
{"message":"Unauthorized request to path: /","level":"error","timestamp":"06-15-2020 11:37:28","ms":"+0ms"}
{"message":"Unauthorized request to path: /","level":"error","timestamp":"06-15-2020 11:37:28","ms":"+23ms"}
{"message":"Unauthorized request to path: /folders","level":"error","timestamp":"06-17-2020 14:43:57","ms":"+0ms"}
{"message":"Unauthorized request to path: /folders","level":"error","timestamp":"06-17-2020 14:44:21","ms":"+24s"}
{"message":"Unauthorized request to path: /folders","level":"error","timestamp":"06-17-2020 14:44:22","ms":"+1s"}
{"message":"Unauthorized request to path: /folders","level":"error","timestamp":"06-17-2020 14:44:29","ms":"+7s"}
{"message":"Unauthorized request to path: /folders","level":"error","timestamp":"06-17-2020 14:44:30","ms":"+662ms"}
{"message":"Unauthorized request to path: /folders","level":"error","timestamp":"06-17-2020 14:44:30","ms":"+360ms"}
{"message":"Unauthorized request to path: /folders","level":"error","timestamp":"06-17-2020 14:44:32","ms":"+2s"}
{"message":"Unauthorized request to path: /notes","level":"error","timestamp":"06-17-2020 14:44:40","ms":"+8s"}
{"message":"Unauthorized request to path: /","level":"error","timestamp":"06-17-2020 14:44:44","ms":"+4s"}
{"message":"Unauthorized request to path: /api/notes","level":"error","timestamp":"06-17-2020 14:45:34","ms":"+51s"}
{"message":"Unauthorized request to path: /api/notes","level":"error","timestamp":"06-17-2020 14:45:36","ms":"+2s"}
{"message":"Unauthorized request to path: /api/notes/","level":"error","timestamp":"06-17-2020 14:45:43","ms":"+7s"}
{"message":"Unauthorized request to path: /api/folders","level":"error","timestamp":"06-17-2020 14:45:53","ms":"+11s"}
{"message":"id_folder is required","request":"/api/notes","method":"POST","ip":"::1","level":"error","timestamp":"07-05-2020 19:49:15","ms":"+0ms"}
{"message":"id_folder is required","request":"/api/notes","method":"POST","ip":"::1","level":"error","timestamp":"07-05-2020 19:49:18","ms":"+4s"}
{"message":"id_folder is required","request":"/api/notes","method":"POST","ip":"::1","level":"error","timestamp":"07-05-2020 19:52:51","ms":"+4m"}
{"message":"Invalid content 'note' supplied","level":"error","timestamp":"07-05-2020 19:53:08","ms":"+17s"}
{"message":"POST Validation Error","request":"/api/notes","method":"POST","ip":"::1","level":"error","timestamp":"07-05-2020 19:53:08","ms":"+2ms"}
{"message":"Note with id 4 created.","request":"/api/notes","method":"POST","ip":"::1","level":"info","timestamp":"07-05-2020 20:36:30","ms":"+0ms"}
{"message":"Note with id 5 created.","request":"/api/notes","method":"POST","ip":"::1","level":"info","timestamp":"07-05-2020 20:38:24","ms":"+2m"}
{"message":"Note with id 13 created.","request":"/api/notes","method":"POST","ip":"::1","level":"info","timestamp":"07-06-2020 13:48:40","ms":"+17h"}
{"message":"Note with id 14 created.","request":"/api/notes","method":"POST","ip":"::1","level":"info","timestamp":"07-06-2020 13:48:46","ms":"+5s"}
{"message":"Note with id 15 created.","request":"/api/notes","method":"POST","ip":"::1","level":"info","timestamp":"07-06-2020 13:48:46","ms":"+662ms"}
{"message":"Note with id 16 created.","request":"/api/notes","method":"POST","ip":"::1","level":"info","timestamp":"07-06-2020 13:48:47","ms":"+455ms"}
{"message":"Note with id 17 created.","request":"/api/notes","method":"POST","ip":"::1","level":"info","timestamp":"07-06-2020 13:48:47","ms":"+370ms"}
{"message":"Note with id 18 created.","request":"/api/notes","method":"POST","ip":"::1","level":"info","timestamp":"07-06-2020 13:56:18","ms":"+8m"}
{"message":"Invalid content 'test' supplied","level":"error","timestamp":"07-06-2020 13:57:26","ms":"+1m"}
{"message":"POST Validation Error","request":"/api/notes","method":"POST","ip":"::1","level":"error","timestamp":"07-06-2020 13:57:26","ms":"+1ms"}
{"message":"name is required","request":"/api/notes","method":"POST","ip":"::1","level":"error","timestamp":"07-06-2020 17:10:47","ms":"+3h"}
{"message":"name is required","request":"/api/notes","method":"POST","ip":"::1","level":"error","timestamp":"07-06-2020 17:13:57","ms":"+3m"}
{"message":"name is required","request":"/api/notes","method":"POST","ip":"::1","level":"error","timestamp":"07-06-2020 17:14:41","ms":"+44s"}
{"message":"name is required","request":"/api/notes","method":"POST","ip":"::1","level":"error","timestamp":"07-06-2020 17:15:32","ms":"+51s"}
{"message":"Invalid name '22' supplied","level":"error","timestamp":"07-06-2020 17:15:53","ms":"+22s"}
{"message":"POST Validation Error","request":"/api/notes","method":"POST","ip":"::1","level":"error","timestamp":"07-06-2020 17:15:53","ms":"+1ms"}
{"message":"name is required","request":"/api/notes","method":"POST","ip":"::1","level":"error","timestamp":"07-06-2020 17:18:39","ms":"+3m"}
{"message":"Invalid content '222' supplied","level":"error","timestamp":"07-06-2020 17:18:56","ms":"+17s"}
{"message":"POST Validation Error","request":"/api/notes","method":"POST","ip":"::1","level":"error","timestamp":"07-06-2020 17:18:56","ms":"+2ms"}
{"message":"name is required","request":"/api/notes","method":"POST","ip":"::1","level":"error","timestamp":"07-06-2020 17:19:19","ms":"+23s"}
{"message":"name is required","request":"/api/notes","method":"POST","ip":"::1","level":"error","timestamp":"07-06-2020 17:20:01","ms":"+42s"}
{"message":"Invalid content '333' supplied","level":"error","timestamp":"07-06-2020 17:20:16","ms":"+14s"}
{"message":"POST Validation Error","request":"/api/notes","method":"POST","ip":"::1","level":"error","timestamp":"07-06-2020 17:20:16","ms":"+1ms"}
{"message":"name is required","request":"/api/notes","method":"POST","ip":"::1","level":"error","timestamp":"07-06-2020 17:33:13","ms":"+13m"}
{"message":"id_folder is required","request":"/api/notes","method":"POST","ip":"::1","level":"error","timestamp":"07-06-2020 17:39:18","ms":"+6m"}
{"message":"Invalid content '555' supplied","level":"error","timestamp":"07-06-2020 17:41:05","ms":"+2m"}
{"message":"POST Validation Error","request":"/api/notes","method":"POST","ip":"::1","level":"error","timestamp":"07-06-2020 17:41:05","ms":"+1ms"}
{"message":"Note with id 23 created.","request":"/api/notes","method":"POST","ip":"::1","level":"info","timestamp":"07-06-2020 19:19:01","ms":"+2h"}
{"message":"name is required","request":"/api/notes","method":"POST","ip":"::1","level":"error","timestamp":"07-08-2020 17:28:13","ms":"+0ms"}
{"message":"name is required","request":"/api/notes","method":"POST","ip":"::1","level":"error","timestamp":"07-08-2020 17:28:53","ms":"+40s"}
{"message":"Note with id 24 created.","request":"/api/notes","method":"POST","ip":"::1","level":"info","timestamp":"07-08-2020 17:35:37","ms":"+7m"}
{"message":"Note with id 25 created.","request":"/api/notes","method":"POST","ip":"::1","level":"info","timestamp":"07-08-2020 17:37:43","ms":"+2m"}
{"message":"Note with id 26 created.","request":"/api/notes","method":"POST","ip":"::1","level":"info","timestamp":"07-08-2020 17:50:05","ms":"+12m"}
{"message":"name is required","request":"/api/notes","method":"POST","ip":"::1","level":"error","timestamp":"07-08-2020 18:19:57","ms":"+30m"}
{"message":"name is required","request":"/api/notes","method":"POST","ip":"::1","level":"error","timestamp":"07-08-2020 19:15:36","ms":"+56m"}
{"message":"Recipe with id 2 created.","request":"/api/recipes","method":"POST","ip":"::1","level":"info","timestamp":"07-13-2020 19:38:07","ms":"+0ms"}
{"message":"Recipe with id 3 created.","request":"/api/recipes","method":"POST","ip":"::1","level":"info","timestamp":"07-13-2020 19:43:37","ms":"+6m"}
{"message":"Recipe with id 4 created.","request":"/api/recipes","method":"POST","ip":"::1","level":"info","timestamp":"07-13-2020 19:47:29","ms":"+4m"}
{"message":"Recipe with id 5 created.","request":"/api/recipes","method":"POST","ip":"::1","level":"info","timestamp":"07-13-2020 19:49:28","ms":"+2m"}
{"message":"Recipe with id 6 created.","request":"/api/recipes","method":"POST","ip":"::1","level":"info","timestamp":"07-13-2020 19:50:59","ms":"+2m"}
{"message":"Recipe with id 7 created.","request":"/api/recipes","method":"POST","ip":"::1","level":"info","timestamp":"07-13-2020 19:51:51","ms":"+52s"}
{"message":"Recipe with id 8 created.","request":"/api/recipes","method":"POST","ip":"::1","level":"info","timestamp":"07-13-2020 19:51:58","ms":"+7s"}
{"message":"Recipe with id 9 created.","request":"/api/recipes","method":"POST","ip":"::1","level":"info","timestamp":"07-13-2020 19:54:33","ms":"+0ms"}
{"message":"Recipe with id 10 created.","request":"/api/recipes","method":"POST","ip":"::1","level":"info","timestamp":"07-13-2020 19:58:18","ms":"+4m"}
{"message":"Recipe with id 11 created.","request":"/api/recipes","method":"POST","ip":"::1","level":"info","timestamp":"07-13-2020 20:02:41","ms":"+4m"}
{"message":"Recipe with id 12 created.","request":"/api/recipes","method":"POST","ip":"::1","level":"info","timestamp":"07-14-2020 10:29:41","ms":"+14h"}
{"message":"Recipe with id 13 created.","request":"/api/recipes","method":"POST","ip":"::1","level":"info","timestamp":"07-14-2020 10:46:17","ms":"+17m"}
{"message":"Recipe with id 15 created.","request":"/api/recipes","method":"POST","ip":"::1","level":"info","timestamp":"07-14-2020 11:00:16","ms":"+14m"}
{"message":"Recipe with id 16 created.","request":"/api/recipes","method":"POST","ip":"::1","level":"info","timestamp":"07-14-2020 11:03:07","ms":"+3m"}
{"message":"Recipe with id 17 created.","request":"/api/recipes","method":"POST","ip":"::1","level":"info","timestamp":"07-14-2020 11:06:27","ms":"+3m"}
{"message":"Recipe with id 18 created.","request":"/api/recipes","method":"POST","ip":"::1","level":"info","timestamp":"07-14-2020 11:11:14","ms":"+5m"}
{"message":"Recipe with id 19 created.","request":"/api/recipes","method":"POST","ip":"::1","level":"info","timestamp":"07-14-2020 11:27:22","ms":"+16m"}
{"message":"Note with id 27 created.","request":"/api/notes","method":"POST","ip":"::1","level":"info","timestamp":"07-14-2020 11:52:27","ms":"+25m"}
{"message":"Note with id 28 created.","request":"/api/notes","method":"POST","ip":"::1","level":"info","timestamp":"07-14-2020 12:49:23","ms":"+57m"}
{"message":"Recipe with id 22 created.","request":"/api/recipes","method":"POST","ip":"::1","level":"info","timestamp":"07-14-2020 14:36:09","ms":"+2h"}
{"message":"Recipe with id 23 created.","request":"/api/recipes","method":"POST","ip":"::1","level":"info","timestamp":"07-14-2020 14:45:37","ms":"+9m"}
{"message":"Recipe with id 24 created.","request":"/api/recipes","method":"POST","ip":"::1","level":"info","timestamp":"07-14-2020 14:46:02","ms":"+25s"}
{"message":"Recipe with id 25 created.","request":"/api/recipes","method":"POST","ip":"::1","level":"info","timestamp":"07-14-2020 14:46:25","ms":"+23s"}
{"message":"Recipe with id 26 created.","request":"/api/recipes","method":"POST","ip":"::1","level":"info","timestamp":"07-14-2020 14:49:42","ms":"+3m"}
{"message":"Recipe with id 27 created.","request":"/api/recipes","method":"POST","ip":"::1","level":"info","timestamp":"07-14-2020 15:04:41","ms":"+15m"}
{"message":"Note with id 29 created.","request":"/api/notes","method":"POST","ip":"::1","level":"info","timestamp":"07-14-2020 15:44:58","ms":"+40m"}
{"message":"Note with id 30 created.","request":"/api/notes","method":"POST","ip":"::1","level":"info","timestamp":"07-14-2020 15:47:21","ms":"+2m"}
{"message":"id_folder is required","request":"/api/notes","method":"POST","ip":"::1","level":"error","timestamp":"07-14-2020 22:34:29","ms":"+0ms"}
{"message":"Note with id 31 created.","request":"/api/notes","method":"POST","ip":"::1","level":"info","timestamp":"07-14-2020 22:34:38","ms":"+8s"}
{"message":"Recipe with id 28 created.","request":"/api/recipes","method":"POST","ip":"::1","level":"info","timestamp":"07-15-2020 19:08:42","ms":"+0ms"}
{"message":"Recipe with id 29 created.","request":"/api/recipes","method":"POST","ip":"::1","level":"info","timestamp":"07-15-2020 19:10:44","ms":"+2m"}
{"message":"Recipe with id 30 created.","request":"/api/recipes","method":"POST","ip":"::1","level":"info","timestamp":"07-15-2020 19:11:01","ms":"+17s"}
{"message":"Recipe with id 31 created.","request":"/api/recipes","method":"POST","ip":"::1","level":"info","timestamp":"07-16-2020 09:19:13","ms":"+0ms"}
{"message":"Recipe with id 37 created.","request":"/api/recipes","method":"POST","ip":"::1","level":"info","timestamp":"07-16-2020 09:27:35","ms":"+8m"}
{"message":"Recipe with id 38 created.","request":"/api/recipes","method":"POST","ip":"::1","level":"info","timestamp":"07-16-2020 10:29:02","ms":"+1h"}
{"message":"Recipe with id 39 created.","request":"/api/recipes","method":"POST","ip":"::1","level":"info","timestamp":"07-16-2020 10:29:15","ms":"+13s"}
{"message":"Recipe with id 40 created.","request":"/api/recipes","method":"POST","ip":"::1","level":"info","timestamp":"07-16-2020 10:29:53","ms":"+38s"}
{"message":"Recipe with id 41 created.","request":"/api/recipes","method":"POST","ip":"::1","level":"info","timestamp":"07-16-2020 10:47:42","ms":"+18m"}
{"message":"Recipe with id 42 created.","request":"/api/recipes","method":"POST","ip":"::1","level":"info","timestamp":"07-16-2020 10:50:54","ms":"+3m"}
{"message":"Recipe with id 43 created.","request":"/api/recipes","method":"POST","ip":"::1","level":"info","timestamp":"07-16-2020 10:51:27","ms":"+33s"}
{"message":"Recipe with id 44 created.","request":"/api/recipes","method":"POST","ip":"::1","level":"info","timestamp":"07-16-2020 10:52:25","ms":"+58s"}
{"message":"Recipe with id 45 created.","request":"/api/recipes","method":"POST","ip":"::1","level":"info","timestamp":"07-16-2020 10:52:54","ms":"+29s"}
{"message":"Recipe with id 46 created.","request":"/api/recipes","method":"POST","ip":"::1","level":"info","timestamp":"07-16-2020 10:54:23","ms":"+1m"}
{"message":"Recipe with id 47 created.","request":"/api/recipes","method":"POST","ip":"::1","level":"info","timestamp":"07-16-2020 10:54:59","ms":"+36s"}
{"message":"Note with id 32 created.","request":"/api/notes","method":"POST","ip":"::1","level":"info","timestamp":"07-16-2020 10:56:51","ms":"+2m"}
{"message":"Invalid content 'test' supplied","level":"error","timestamp":"07-16-2020 10:57:43","ms":"+51s"}
{"message":"POST Validation Error","request":"/api/notes","method":"POST","ip":"::1","level":"error","timestamp":"07-16-2020 10:57:43","ms":"+9ms"}
{"message":"Invalid content 'test' supplied","level":"error","timestamp":"07-16-2020 10:58:05","ms":"+22s"}
{"message":"POST Validation Error","request":"/api/notes","method":"POST","ip":"::1","level":"error","timestamp":"07-16-2020 10:58:05","ms":"+8ms"}
{"message":"Invalid content 'test' supplied","level":"error","timestamp":"07-16-2020 10:58:22","ms":"+16s"}
{"message":"POST Validation Error","request":"/api/notes","method":"POST","ip":"::1","level":"error","timestamp":"07-16-2020 10:58:22","ms":"+6ms"}
{"message":"Invalid content 'test' supplied","level":"error","timestamp":"07-16-2020 10:58:33","ms":"+11s"}
{"message":"POST Validation Error","request":"/api/notes","method":"POST","ip":"::1","level":"error","timestamp":"07-16-2020 10:58:33","ms":"+7ms"}
{"message":"Note with id 33 created.","request":"/api/notes","method":"POST","ip":"::1","level":"info","timestamp":"07-16-2020 10:59:08","ms":"+35s"}
{"message":"Note with id 34 created.","request":"/api/notes","method":"POST","ip":"::1","level":"info","timestamp":"07-16-2020 10:59:39","ms":"+31s"}
{"message":"Recipe with id 48 created.","request":"/api/recipes","method":"POST","ip":"::1","level":"info","timestamp":"07-17-2020 15:44:16","ms":"+0ms"}
{"message":"Recipe with id 49 created.","request":"/api/recipes","method":"POST","ip":"::1","level":"info","timestamp":"07-19-2020 19:53:48","ms":"+0ms"}
{"message":"Note with id 35 created.","request":"/api/notes","method":"POST","ip":"::1","level":"info","timestamp":"07-19-2020 19:55:06","ms":"+1m"}
{"message":"Note with id 36 created.","request":"/api/notes","method":"POST","ip":"::1","level":"info","timestamp":"07-25-2020 18:05:27","ms":"+0ms"}
{"message":"Note with id 37 created.","request":"/api/notes","method":"POST","ip":"::1","level":"info","timestamp":"07-25-2020 18:37:56","ms":"+32m"}
